Modified file saved to: C:\Users\victorisr\OneDrive - Microsoft\Desktop\releases.md
Timestamp: 4/1/2025 6:00:51 PM
Modified file saved to: C:\Users\victorisr\OneDrive - Microsoft\Desktop\releases.md
Timestamp: 4/1/2025 6:04:59 PM
Modified file saved to: C:\Users\victorisr\OneDrive - Microsoft\Desktop\releases.md
Timestamp: 4/1/2025 6:11:03 PM
Modified file saved to: C:\Users\victorisr\OneDrive - Microsoft\Desktop\README.md
Timestamp: 4/1/2025 6:25:12 PM
Modified file saved to: C:\Users\victorisr\OneDrive - Microsoft\Desktop\releases.md
Timestamp: 4/1/2025 6:25:12 PM
Modified file saved to: C:\Users\victorisr\OneDrive - Microsoft\Desktop\README.md
Timestamp: 4/1/2025 6:37:07 PM
Modified file saved to: C:\Users\victorisr\OneDrive - Microsoft\Desktop\releases.md
Timestamp: 4/1/2025 6:37:08 PM
Modified file saved to: C:\Users\victorisr\OneDrive - Microsoft\Desktop\README.md
Timestamp: 4/1/2025 6:39:44 PM
Modified file saved to: C:\Users\victorisr\OneDrive - Microsoft\Desktop\releases.md
Timestamp: 4/1/2025 6:39:44 PM
Modified file saved to: C:\Users\victorisr\OneDrive - Microsoft\Desktop\2README.md
Timestamp: 4/1/2025 6:39:44 PM
Modified file saved to: C:\Users\victorisr\OneDrive - Microsoft\Desktop\README.md
Timestamp: 4/1/2025 6:47:48 PM
Modified file saved to: C:\Users\victorisr\OneDrive - Microsoft\Desktop\releases.md
Timestamp: 4/1/2025 6:47:48 PM
Modified file saved to: C:\Users\victorisr\OneDrive - Microsoft\Desktop\2README.md
Timestamp: 4/1/2025 6:47:48 PM
An error occurred: Index was outside the bounds of the array.
Timestamp: 4/1/2025 6:47:49 PM
Modified file saved to: C:\Users\victorisr\OneDrive - Microsoft\Desktop\README.md
Timestamp: 4/1/2025 6:55:48 PM
Modified file saved to: C:\Users\victorisr\OneDrive - Microsoft\Desktop\releases.md
Timestamp: 4/1/2025 6:55:49 PM
Modified file saved to: C:\Users\victorisr\OneDrive - Microsoft\Desktop\2README.md
Timestamp: 4/1/2025 6:55:49 PM
An error occurred: Index was outside the bounds of the array.
Timestamp: 4/1/2025 6:55:49 PM
Modified file saved to: C:\Users\victorisr\OneDrive - Microsoft\Desktop\README.md
Timestamp: 4/1/2025 6:56:34 PM
Modified file saved to: C:\Users\victorisr\OneDrive - Microsoft\Desktop\releases.md
Timestamp: 4/1/2025 6:56:34 PM
Modified file saved to: C:\Users\victorisr\OneDrive - Microsoft\Desktop\2README.md
Timestamp: 4/1/2025 6:56:35 PM
An error occurred: Index was outside the bounds of the array.
Timestamp: 4/1/2025 6:56:35 PM
Modified file saved to: C:\Users\victorisr\OneDrive - Microsoft\Desktop\README.md
Timestamp: 4/1/2025 8:31:32 PM
Modified file saved to: C:\Users\victorisr\OneDrive - Microsoft\Desktop\releases.md
Timestamp: 4/1/2025 8:31:32 PM
Modified file saved to: C:\Users\victorisr\OneDrive - Microsoft\Desktop\2README.md
Timestamp: 4/1/2025 8:31:32 PM
Modified file saved to: C:\Users\victorisr\OneDrive - Microsoft\Desktop\cve8.md
Timestamp: 4/1/2025 8:31:42 PM
Rate limit exceeded. Waiting for 50.5369732 seconds before retrying...
Timestamp: 4/1/2025 8:31:43 PM
Modified file saved to: C:\Users\victorisr\OneDrive - Microsoft\Desktop\cve9.md
Timestamp: 4/1/2025 8:32:35 PM
Modified file saved to: C:\Users\victorisr\OneDrive - Microsoft\Desktop\README.md
Timestamp: 4/2/2025 6:45:26 PM
Modified file saved to: C:\Users\victorisr\OneDrive - Microsoft\Desktop\releases.md
Timestamp: 4/2/2025 6:45:26 PM
Modified file saved to: C:\Users\victorisr\OneDrive - Microsoft\Desktop\2README.md
Timestamp: 4/2/2025 6:45:27 PM
An error occurred: Response status code does not indicate success: 401 (Unauthorized).
Timestamp: 4/2/2025 6:45:27 PM
An error occurred: Response status code does not indicate success: 401 (Unauthorized).
Timestamp: 4/2/2025 6:45:27 PM
4/15/2025 3:45:40 PM: An error occurred while generating the markdown table: The JSON value could not be converted to System.String. Path: $.releases | LineNumber: 10 | BytePositionInLine: 15.
4/15/2025 3:45:41 PM: An error occurred while generating the markdown table: The JSON value could not be converted to System.String. Path: $.releases | LineNumber: 10 | BytePositionInLine: 15.
4/15/2025 3:52:24 PM: An error occurred while generating the markdown table: The JSON value could not be converted to System.String. Path: $.releases | LineNumber: 10 | BytePositionInLine: 15.
4/15/2025 3:52:24 PM: An error occurred while generating the markdown table: The JSON value could not be converted to System.String. Path: $.releases | LineNumber: 10 | BytePositionInLine: 15.
4/15/2025 3:53:22 PM: An error occurred while generating the markdown table: Release Notes folder not found at 'C:\ReleaseNoteGeneratorCore\release-notes'.
4/15/2025 3:53:22 PM: An error occurred while generating the markdown table: Release Notes folder not found at 'C:\ReleaseNoteGeneratorCore\release-notes'.
4/15/2025 4:09:36 PM: An error occurred while generating the markdown table: Release Notes folder not found at 'C:\ReleaseNoteGeneratorCore\release-notes'.
4/15/2025 4:09:36 PM: An error occurred while generating the markdown table: Release Notes folder not found at 'C:\ReleaseNoteGeneratorCore\release-notes'.
4/15/2025 4:10:25 PM: An error occurred while generating the markdown table: Release Notes folder not found at 'C:\ReleaseNoteGeneratorCore\release-notes'.
4/15/2025 4:10:25 PM: An error occurred while generating the markdown table: Release Notes folder not found at 'C:\ReleaseNoteGeneratorCore\release-notes'.
4/15/2025 4:19:51 PM: An error occurred while generating the markdown table: Release Notes folder not found at 'C:\ReleaseNoteGeneratorCore\release-notes'.
4/15/2025 4:19:51 PM: An error occurred while generating the markdown table: Release Notes folder not found at 'C:\ReleaseNoteGeneratorCore\release-notes'.
4/15/2025 5:18:13 PM: Expected file 'C:\ReleaseNoteGeneratorCore\core\release-notes/10.0/10.0.0-preview.3/10.0.0-preview.3.md' does not exist for link.
4/15/2025 5:18:14 PM: Expected file 'C:\ReleaseNoteGeneratorCore\core\release-notes/2.0/2.0.9/2.0.9.md' does not exist for link.
4/15/2025 5:18:14 PM: Expected file 'C:\ReleaseNoteGeneratorCore\core\release-notes/10.0/10.0.0-preview.3/10.0.0-preview.3.md' does not exist for link.
4/15/2025 5:18:14 PM: Expected file 'C:\ReleaseNoteGeneratorCore\core\release-notes/2.0/2.0.9/2.0.9.md' does not exist for link.
4/15/2025 5:26:25 PM: Expected file 'C:\ReleaseNoteGeneratorCore\core\release-notes/10.0/preview/preview3/10.0.0-preview.3.md' does not exist for link.
4/15/2025 5:26:25 PM: Expected file 'C:\ReleaseNoteGeneratorCore\core\release-notes/2.0/2.0.9/2.0.9.md' does not exist for link.
4/15/2025 5:26:25 PM: Expected file 'C:\ReleaseNoteGeneratorCore\core\release-notes/10.0/preview/preview3/10.0.0-preview.3.md' does not exist for link.
4/15/2025 5:26:25 PM: Expected file 'C:\ReleaseNoteGeneratorCore\core\release-notes/2.0/2.0.9/2.0.9.md' does not exist for link.
4/15/2025 5:31:12 PM: Expected file 'C:\ReleaseNoteGeneratorCore\core\release-notes/10.0/preview/preview3/10.0.0-preview.3.md' does not exist for link.
4/15/2025 5:31:12 PM: Expected file 'C:\ReleaseNoteGeneratorCore\core\release-notes/2.0/2.0.9/2.0.9.md' does not exist for link.
4/15/2025 5:31:13 PM: Expected file 'C:\ReleaseNoteGeneratorCore\core\release-notes/10.0/preview/preview3/10.0.0-preview.3.md' does not exist for link.
4/15/2025 5:31:13 PM: Expected file 'C:\ReleaseNoteGeneratorCore\core\release-notes/2.0/2.0.9/2.0.9.md' does not exist for link.
4/16/2025 2:59:52 PM: An error occurred while updating the README file: Template file 'templates/rn-releases-template.md' not found.
4/16/2025 2:59:52 PM: An error occurred while updating the README file: Template file 'templates/rn-releases-template.md' not found.
4/30/2025 11:21:56 AM: Failed to parse JSON in 'C:\ReleaseNoteGeneratorCore\core\release-notes\9.0\releases.json': The JSON value could not be converted to System.String. Path: $.releases[0].cve-list[0] | LineNumber: 16 | BytePositionInLine: 9.
4/30/2025 11:21:56 AM: Failed to parse JSON in 'C:\ReleaseNoteGeneratorCore\core\release-notes\8.0\releases.json': The JSON value could not be converted to System.String. Path: $.releases[0].cve-list[0] | LineNumber: 16 | BytePositionInLine: 9.
4/30/2025 11:21:56 AM: Failed to parse JSON in 'C:\ReleaseNoteGeneratorCore\core\release-notes\7.0\releases.json': The JSON value could not be converted to System.String. Path: $.releases[0].cve-list[0] | LineNumber: 16 | BytePositionInLine: 9.
4/30/2025 11:21:56 AM: Failed to parse JSON in 'C:\ReleaseNoteGeneratorCore\core\release-notes\6.0\releases.json': The JSON value could not be converted to System.String. Path: $.releases[1].cve-list[0] | LineNumber: 596 | BytePositionInLine: 9.
4/30/2025 11:21:56 AM: Failed to parse JSON in 'C:\ReleaseNoteGeneratorCore\core\release-notes\5.0\releases.json': The JSON value could not be converted to System.String. Path: $.releases[0].cve-list[0] | LineNumber: 16 | BytePositionInLine: 9.
4/30/2025 11:21:56 AM: Failed to parse JSON in 'C:\ReleaseNoteGeneratorCore\core\release-notes\3.1\releases.json': The JSON value could not be converted to System.String. Path: $.releases[0].cve-list[0] | LineNumber: 16 | BytePositionInLine: 9.
4/30/2025 11:21:56 AM: Failed to parse JSON in 'C:\ReleaseNoteGeneratorCore\core\release-notes\3.0\releases.json': The JSON value could not be converted to System.String. Path: $.releases[1].cve-list[0] | LineNumber: 357 | BytePositionInLine: 9.
4/30/2025 11:21:56 AM: Failed to parse JSON in 'C:\ReleaseNoteGeneratorCore\core\release-notes\2.2\releases.json': The JSON value could not be converted to System.String. Path: $.releases[1].cve-list[0] | LineNumber: 485 | BytePositionInLine: 9.
4/30/2025 11:21:56 AM: Failed to parse JSON in 'C:\ReleaseNoteGeneratorCore\core\release-notes\2.1\releases.json': The JSON value could not be converted to System.String. Path: $.releases[0].cve-list[0] | LineNumber: 16 | BytePositionInLine: 9.
4/30/2025 11:21:56 AM: Failed to parse JSON in 'C:\ReleaseNoteGeneratorCore\core\release-notes\2.0\releases.json': The JSON value could not be converted to System.String. Path: $.releases[0].cve-list[0] | LineNumber: 16 | BytePositionInLine: 9.
4/30/2025 11:21:56 AM: Failed to parse JSON in 'C:\ReleaseNoteGeneratorCore\core\release-notes\1.1\releases.json': The JSON value could not be converted to System.String. Path: $.releases[0].cve-list[0] | LineNumber: 16 | BytePositionInLine: 9.
4/30/2025 11:21:56 AM: Failed to parse JSON in 'C:\ReleaseNoteGeneratorCore\core\release-notes\1.0\releases.json': The JSON value could not be converted to System.String. Path: $.releases[0].cve-list[0] | LineNumber: 16 | BytePositionInLine: 9.
4/30/2025 11:21:56 AM: Failed to parse JSON in 'C:\ReleaseNoteGeneratorCore\core\release-notes\9.0\releases.json': The JSON value could not be converted to System.String. Path: $.releases[0].cve-list[0] | LineNumber: 16 | BytePositionInLine: 9.
4/30/2025 11:21:56 AM: Failed to parse JSON in 'C:\ReleaseNoteGeneratorCore\core\release-notes\8.0\releases.json': The JSON value could not be converted to System.String. Path: $.releases[0].cve-list[0] | LineNumber: 16 | BytePositionInLine: 9.
4/30/2025 11:21:56 AM: Failed to parse JSON in 'C:\ReleaseNoteGeneratorCore\core\release-notes\7.0\releases.json': The JSON value could not be converted to System.String. Path: $.releases[0].cve-list[0] | LineNumber: 16 | BytePositionInLine: 9.
4/30/2025 11:21:56 AM: Failed to parse JSON in 'C:\ReleaseNoteGeneratorCore\core\release-notes\6.0\releases.json': The JSON value could not be converted to System.String. Path: $.releases[1].cve-list[0] | LineNumber: 596 | BytePositionInLine: 9.
4/30/2025 11:21:56 AM: Failed to parse JSON in 'C:\ReleaseNoteGeneratorCore\core\release-notes\5.0\releases.json': The JSON value could not be converted to System.String. Path: $.releases[0].cve-list[0] | LineNumber: 16 | BytePositionInLine: 9.
4/30/2025 11:21:56 AM: Failed to parse JSON in 'C:\ReleaseNoteGeneratorCore\core\release-notes\3.1\releases.json': The JSON value could not be converted to System.String. Path: $.releases[0].cve-list[0] | LineNumber: 16 | BytePositionInLine: 9.
4/30/2025 11:21:56 AM: Failed to parse JSON in 'C:\ReleaseNoteGeneratorCore\core\release-notes\3.0\releases.json': The JSON value could not be converted to System.String. Path: $.releases[1].cve-list[0] | LineNumber: 357 | BytePositionInLine: 9.
4/30/2025 11:21:56 AM: Failed to parse JSON in 'C:\ReleaseNoteGeneratorCore\core\release-notes\2.2\releases.json': The JSON value could not be converted to System.String. Path: $.releases[1].cve-list[0] | LineNumber: 485 | BytePositionInLine: 9.
4/30/2025 11:21:56 AM: Failed to parse JSON in 'C:\ReleaseNoteGeneratorCore\core\release-notes\2.1\releases.json': The JSON value could not be converted to System.String. Path: $.releases[0].cve-list[0] | LineNumber: 16 | BytePositionInLine: 9.
4/30/2025 11:21:56 AM: Failed to parse JSON in 'C:\ReleaseNoteGeneratorCore\core\release-notes\2.0\releases.json': The JSON value could not be converted to System.String. Path: $.releases[0].cve-list[0] | LineNumber: 16 | BytePositionInLine: 9.
4/30/2025 11:21:56 AM: Failed to parse JSON in 'C:\ReleaseNoteGeneratorCore\core\release-notes\1.1\releases.json': The JSON value could not be converted to System.String. Path: $.releases[0].cve-list[0] | LineNumber: 16 | BytePositionInLine: 9.
4/30/2025 11:21:56 AM: Failed to parse JSON in 'C:\ReleaseNoteGeneratorCore\core\release-notes\1.0\releases.json': The JSON value could not be converted to System.String. Path: $.releases[0].cve-list[0] | LineNumber: 16 | BytePositionInLine: 9.
4/30/2025 11:21:56 AM: Failed to parse JSON in 'C:\ReleaseNoteGeneratorCore\core\release-notes\9.0\releases.json': The JSON value could not be converted to System.String. Path: $.releases[0].cve-list[0] | LineNumber: 16 | BytePositionInLine: 9.
4/30/2025 11:21:56 AM: Failed to parse JSON in 'C:\ReleaseNoteGeneratorCore\core\release-notes\8.0\releases.json': The JSON value could not be converted to System.String. Path: $.releases[0].cve-list[0] | LineNumber: 16 | BytePositionInLine: 9.
4/30/2025 11:21:56 AM: Failed to parse JSON in 'C:\ReleaseNoteGeneratorCore\core\release-notes\7.0\releases.json': The JSON value could not be converted to System.String. Path: $.releases[0].cve-list[0] | LineNumber: 16 | BytePositionInLine: 9.
4/30/2025 11:21:56 AM: Failed to parse JSON in 'C:\ReleaseNoteGeneratorCore\core\release-notes\6.0\releases.json': The JSON value could not be converted to System.String. Path: $.releases[1].cve-list[0] | LineNumber: 596 | BytePositionInLine: 9.
4/30/2025 11:21:56 AM: Failed to parse JSON in 'C:\ReleaseNoteGeneratorCore\core\release-notes\5.0\releases.json': The JSON value could not be converted to System.String. Path: $.releases[0].cve-list[0] | LineNumber: 16 | BytePositionInLine: 9.
4/30/2025 11:21:56 AM: Failed to parse JSON in 'C:\ReleaseNoteGeneratorCore\core\release-notes\3.1\releases.json': The JSON value could not be converted to System.String. Path: $.releases[0].cve-list[0] | LineNumber: 16 | BytePositionInLine: 9.
4/30/2025 11:21:56 AM: Failed to parse JSON in 'C:\ReleaseNoteGeneratorCore\core\release-notes\3.0\releases.json': The JSON value could not be converted to System.String. Path: $.releases[1].cve-list[0] | LineNumber: 357 | BytePositionInLine: 9.
4/30/2025 11:21:56 AM: Failed to parse JSON in 'C:\ReleaseNoteGeneratorCore\core\release-notes\2.2\releases.json': The JSON value could not be converted to System.String. Path: $.releases[1].cve-list[0] | LineNumber: 485 | BytePositionInLine: 9.
4/30/2025 11:21:56 AM: Failed to parse JSON in 'C:\ReleaseNoteGeneratorCore\core\release-notes\2.1\releases.json': The JSON value could not be converted to System.String. Path: $.releases[0].cve-list[0] | LineNumber: 16 | BytePositionInLine: 9.
4/30/2025 11:21:56 AM: Failed to parse JSON in 'C:\ReleaseNoteGeneratorCore\core\release-notes\2.0\releases.json': The JSON value could not be converted to System.String. Path: $.releases[0].cve-list[0] | LineNumber: 16 | BytePositionInLine: 9.
4/30/2025 11:21:56 AM: Failed to parse JSON in 'C:\ReleaseNoteGeneratorCore\core\release-notes\1.1\releases.json': The JSON value could not be converted to System.String. Path: $.releases[0].cve-list[0] | LineNumber: 16 | BytePositionInLine: 9.
4/30/2025 11:21:56 AM: Failed to parse JSON in 'C:\ReleaseNoteGeneratorCore\core\release-notes\1.0\releases.json': The JSON value could not be converted to System.String. Path: $.releases[0].cve-list[0] | LineNumber: 16 | BytePositionInLine: 9.
4/30/2025 11:21:56 AM: Failed to parse JSON in 'C:\ReleaseNoteGeneratorCore\core\release-notes\9.0\releases.json': The JSON value could not be converted to System.String. Path: $.releases[0].cve-list[0] | LineNumber: 16 | BytePositionInLine: 9.
4/30/2025 11:21:56 AM: Failed to parse JSON in 'C:\ReleaseNoteGeneratorCore\core\release-notes\8.0\releases.json': The JSON value could not be converted to System.String. Path: $.releases[0].cve-list[0] | LineNumber: 16 | BytePositionInLine: 9.
4/30/2025 11:21:56 AM: Failed to parse JSON in 'C:\ReleaseNoteGeneratorCore\core\release-notes\7.0\releases.json': The JSON value could not be converted to System.String. Path: $.releases[0].cve-list[0] | LineNumber: 16 | BytePositionInLine: 9.
4/30/2025 11:21:56 AM: Failed to parse JSON in 'C:\ReleaseNoteGeneratorCore\core\release-notes\6.0\releases.json': The JSON value could not be converted to System.String. Path: $.releases[1].cve-list[0] | LineNumber: 596 | BytePositionInLine: 9.
4/30/2025 11:21:56 AM: Failed to parse JSON in 'C:\ReleaseNoteGeneratorCore\core\release-notes\5.0\releases.json': The JSON value could not be converted to System.String. Path: $.releases[0].cve-list[0] | LineNumber: 16 | BytePositionInLine: 9.
4/30/2025 11:21:56 AM: Failed to parse JSON in 'C:\ReleaseNoteGeneratorCore\core\release-notes\3.1\releases.json': The JSON value could not be converted to System.String. Path: $.releases[0].cve-list[0] | LineNumber: 16 | BytePositionInLine: 9.
4/30/2025 11:21:56 AM: Failed to parse JSON in 'C:\ReleaseNoteGeneratorCore\core\release-notes\3.0\releases.json': The JSON value could not be converted to System.String. Path: $.releases[1].cve-list[0] | LineNumber: 357 | BytePositionInLine: 9.
4/30/2025 11:21:56 AM: Failed to parse JSON in 'C:\ReleaseNoteGeneratorCore\core\release-notes\2.2\releases.json': The JSON value could not be converted to System.String. Path: $.releases[1].cve-list[0] | LineNumber: 485 | BytePositionInLine: 9.
4/30/2025 11:21:56 AM: Failed to parse JSON in 'C:\ReleaseNoteGeneratorCore\core\release-notes\2.1\releases.json': The JSON value could not be converted to System.String. Path: $.releases[0].cve-list[0] | LineNumber: 16 | BytePositionInLine: 9.
4/30/2025 11:21:56 AM: Failed to parse JSON in 'C:\ReleaseNoteGeneratorCore\core\release-notes\2.0\releases.json': The JSON value could not be converted to System.String. Path: $.releases[0].cve-list[0] | LineNumber: 16 | BytePositionInLine: 9.
4/30/2025 11:21:56 AM: Failed to parse JSON in 'C:\ReleaseNoteGeneratorCore\core\release-notes\1.1\releases.json': The JSON value could not be converted to System.String. Path: $.releases[0].cve-list[0] | LineNumber: 16 | BytePositionInLine: 9.
4/30/2025 11:21:56 AM: Failed to parse JSON in 'C:\ReleaseNoteGeneratorCore\core\release-notes\1.0\releases.json': The JSON value could not be converted to System.String. Path: $.releases[0].cve-list[0] | LineNumber: 16 | BytePositionInLine: 9.
4/30/2025 11:21:57 AM: Failed to parse JSON in 'C:\ReleaseNoteGeneratorCore\core\release-notes\9.0\releases.json': The JSON value could not be converted to System.String. Path: $.releases[0].cve-list[0] | LineNumber: 16 | BytePositionInLine: 9.
4/30/2025 11:21:57 AM: Failed to parse JSON in 'C:\ReleaseNoteGeneratorCore\core\release-notes\8.0\releases.json': The JSON value could not be converted to System.String. Path: $.releases[0].cve-list[0] | LineNumber: 16 | BytePositionInLine: 9.
4/30/2025 11:21:57 AM: Failed to parse JSON in 'C:\ReleaseNoteGeneratorCore\core\release-notes\7.0\releases.json': The JSON value could not be converted to System.String. Path: $.releases[0].cve-list[0] | LineNumber: 16 | BytePositionInLine: 9.
4/30/2025 11:21:57 AM: Failed to parse JSON in 'C:\ReleaseNoteGeneratorCore\core\release-notes\6.0\releases.json': The JSON value could not be converted to System.String. Path: $.releases[1].cve-list[0] | LineNumber: 596 | BytePositionInLine: 9.
4/30/2025 11:21:57 AM: Failed to parse JSON in 'C:\ReleaseNoteGeneratorCore\core\release-notes\5.0\releases.json': The JSON value could not be converted to System.String. Path: $.releases[0].cve-list[0] | LineNumber: 16 | BytePositionInLine: 9.
4/30/2025 11:21:57 AM: Failed to parse JSON in 'C:\ReleaseNoteGeneratorCore\core\release-notes\3.1\releases.json': The JSON value could not be converted to System.String. Path: $.releases[0].cve-list[0] | LineNumber: 16 | BytePositionInLine: 9.
4/30/2025 11:21:57 AM: Failed to parse JSON in 'C:\ReleaseNoteGeneratorCore\core\release-notes\3.0\releases.json': The JSON value could not be converted to System.String. Path: $.releases[1].cve-list[0] | LineNumber: 357 | BytePositionInLine: 9.
4/30/2025 11:21:57 AM: Failed to parse JSON in 'C:\ReleaseNoteGeneratorCore\core\release-notes\2.2\releases.json': The JSON value could not be converted to System.String. Path: $.releases[1].cve-list[0] | LineNumber: 485 | BytePositionInLine: 9.
4/30/2025 11:21:57 AM: Failed to parse JSON in 'C:\ReleaseNoteGeneratorCore\core\release-notes\2.1\releases.json': The JSON value could not be converted to System.String. Path: $.releases[0].cve-list[0] | LineNumber: 16 | BytePositionInLine: 9.
4/30/2025 11:21:57 AM: Failed to parse JSON in 'C:\ReleaseNoteGeneratorCore\core\release-notes\2.0\releases.json': The JSON value could not be converted to System.String. Path: $.releases[0].cve-list[0] | LineNumber: 16 | BytePositionInLine: 9.
4/30/2025 11:21:57 AM: Failed to parse JSON in 'C:\ReleaseNoteGeneratorCore\core\release-notes\1.1\releases.json': The JSON value could not be converted to System.String. Path: $.releases[0].cve-list[0] | LineNumber: 16 | BytePositionInLine: 9.
4/30/2025 11:21:57 AM: Failed to parse JSON in 'C:\ReleaseNoteGeneratorCore\core\release-notes\1.0\releases.json': The JSON value could not be converted to System.String. Path: $.releases[0].cve-list[0] | LineNumber: 16 | BytePositionInLine: 9.
4/30/2025 11:21:57 AM: Failed to parse JSON in 'C:\ReleaseNoteGeneratorCore\core\release-notes\9.0\releases.json': The JSON value could not be converted to System.String. Path: $.releases[0].cve-list[0] | LineNumber: 16 | BytePositionInLine: 9.
4/30/2025 11:21:57 AM: Failed to parse JSON in 'C:\ReleaseNoteGeneratorCore\core\release-notes\8.0\releases.json': The JSON value could not be converted to System.String. Path: $.releases[0].cve-list[0] | LineNumber: 16 | BytePositionInLine: 9.
4/30/2025 11:21:57 AM: Failed to parse JSON in 'C:\ReleaseNoteGeneratorCore\core\release-notes\7.0\releases.json': The JSON value could not be converted to System.String. Path: $.releases[0].cve-list[0] | LineNumber: 16 | BytePositionInLine: 9.
4/30/2025 11:21:57 AM: Failed to parse JSON in 'C:\ReleaseNoteGeneratorCore\core\release-notes\6.0\releases.json': The JSON value could not be converted to System.String. Path: $.releases[1].cve-list[0] | LineNumber: 596 | BytePositionInLine: 9.
4/30/2025 11:21:57 AM: Failed to parse JSON in 'C:\ReleaseNoteGeneratorCore\core\release-notes\5.0\releases.json': The JSON value could not be converted to System.String. Path: $.releases[0].cve-list[0] | LineNumber: 16 | BytePositionInLine: 9.
4/30/2025 11:21:57 AM: Failed to parse JSON in 'C:\ReleaseNoteGeneratorCore\core\release-notes\3.1\releases.json': The JSON value could not be converted to System.String. Path: $.releases[0].cve-list[0] | LineNumber: 16 | BytePositionInLine: 9.
4/30/2025 11:21:57 AM: Failed to parse JSON in 'C:\ReleaseNoteGeneratorCore\core\release-notes\3.0\releases.json': The JSON value could not be converted to System.String. Path: $.releases[1].cve-list[0] | LineNumber: 357 | BytePositionInLine: 9.
4/30/2025 11:21:57 AM: Failed to parse JSON in 'C:\ReleaseNoteGeneratorCore\core\release-notes\2.2\releases.json': The JSON value could not be converted to System.String. Path: $.releases[1].cve-list[0] | LineNumber: 485 | BytePositionInLine: 9.
4/30/2025 11:21:57 AM: Failed to parse JSON in 'C:\ReleaseNoteGeneratorCore\core\release-notes\2.1\releases.json': The JSON value could not be converted to System.String. Path: $.releases[0].cve-list[0] | LineNumber: 16 | BytePositionInLine: 9.
4/30/2025 11:21:57 AM: Failed to parse JSON in 'C:\ReleaseNoteGeneratorCore\core\release-notes\2.0\releases.json': The JSON value could not be converted to System.String. Path: $.releases[0].cve-list[0] | LineNumber: 16 | BytePositionInLine: 9.
4/30/2025 11:21:57 AM: Failed to parse JSON in 'C:\ReleaseNoteGeneratorCore\core\release-notes\1.1\releases.json': The JSON value could not be converted to System.String. Path: $.releases[0].cve-list[0] | LineNumber: 16 | BytePositionInLine: 9.
4/30/2025 11:21:57 AM: Failed to parse JSON in 'C:\ReleaseNoteGeneratorCore\core\release-notes\1.0\releases.json': The JSON value could not be converted to System.String. Path: $.releases[0].cve-list[0] | LineNumber: 16 | BytePositionInLine: 9.
4/30/2025 11:21:57 AM: Failed to parse JSON in 'C:\ReleaseNoteGeneratorCore\core\release-notes\9.0\releases.json': The JSON value could not be converted to System.String. Path: $.releases[0].cve-list[0] | LineNumber: 16 | BytePositionInLine: 9.
4/30/2025 11:21:57 AM: Failed to parse JSON in 'C:\ReleaseNoteGeneratorCore\core\release-notes\8.0\releases.json': The JSON value could not be converted to System.String. Path: $.releases[0].cve-list[0] | LineNumber: 16 | BytePositionInLine: 9.
4/30/2025 11:21:57 AM: Failed to parse JSON in 'C:\ReleaseNoteGeneratorCore\core\release-notes\7.0\releases.json': The JSON value could not be converted to System.String. Path: $.releases[0].cve-list[0] | LineNumber: 16 | BytePositionInLine: 9.
4/30/2025 11:21:57 AM: Failed to parse JSON in 'C:\ReleaseNoteGeneratorCore\core\release-notes\6.0\releases.json': The JSON value could not be converted to System.String. Path: $.releases[1].cve-list[0] | LineNumber: 596 | BytePositionInLine: 9.
4/30/2025 11:21:57 AM: Failed to parse JSON in 'C:\ReleaseNoteGeneratorCore\core\release-notes\5.0\releases.json': The JSON value could not be converted to System.String. Path: $.releases[0].cve-list[0] | LineNumber: 16 | BytePositionInLine: 9.
4/30/2025 11:21:57 AM: Failed to parse JSON in 'C:\ReleaseNoteGeneratorCore\core\release-notes\3.1\releases.json': The JSON value could not be converted to System.String. Path: $.releases[0].cve-list[0] | LineNumber: 16 | BytePositionInLine: 9.
4/30/2025 11:21:57 AM: Failed to parse JSON in 'C:\ReleaseNoteGeneratorCore\core\release-notes\3.0\releases.json': The JSON value could not be converted to System.String. Path: $.releases[1].cve-list[0] | LineNumber: 357 | BytePositionInLine: 9.
4/30/2025 11:21:57 AM: Failed to parse JSON in 'C:\ReleaseNoteGeneratorCore\core\release-notes\2.2\releases.json': The JSON value could not be converted to System.String. Path: $.releases[1].cve-list[0] | LineNumber: 485 | BytePositionInLine: 9.
4/30/2025 11:21:57 AM: Failed to parse JSON in 'C:\ReleaseNoteGeneratorCore\core\release-notes\2.1\releases.json': The JSON value could not be converted to System.String. Path: $.releases[0].cve-list[0] | LineNumber: 16 | BytePositionInLine: 9.
4/30/2025 11:21:57 AM: Failed to parse JSON in 'C:\ReleaseNoteGeneratorCore\core\release-notes\2.0\releases.json': The JSON value could not be converted to System.String. Path: $.releases[0].cve-list[0] | LineNumber: 16 | BytePositionInLine: 9.
4/30/2025 11:21:57 AM: Failed to parse JSON in 'C:\ReleaseNoteGeneratorCore\core\release-notes\1.1\releases.json': The JSON value could not be converted to System.String. Path: $.releases[0].cve-list[0] | LineNumber: 16 | BytePositionInLine: 9.
4/30/2025 11:21:57 AM: Failed to parse JSON in 'C:\ReleaseNoteGeneratorCore\core\release-notes\1.0\releases.json': The JSON value could not be converted to System.String. Path: $.releases[0].cve-list[0] | LineNumber: 16 | BytePositionInLine: 9.
4/30/2025 11:21:57 AM: Failed to parse JSON in 'C:\ReleaseNoteGeneratorCore\core\release-notes\9.0\releases.json': The JSON value could not be converted to System.String. Path: $.releases[0].cve-list[0] | LineNumber: 16 | BytePositionInLine: 9.
4/30/2025 11:21:57 AM: Failed to parse JSON in 'C:\ReleaseNoteGeneratorCore\core\release-notes\8.0\releases.json': The JSON value could not be converted to System.String. Path: $.releases[0].cve-list[0] | LineNumber: 16 | BytePositionInLine: 9.
4/30/2025 11:21:57 AM: Failed to parse JSON in 'C:\ReleaseNoteGeneratorCore\core\release-notes\7.0\releases.json': The JSON value could not be converted to System.String. Path: $.releases[0].cve-list[0] | LineNumber: 16 | BytePositionInLine: 9.
4/30/2025 11:21:57 AM: Failed to parse JSON in 'C:\ReleaseNoteGeneratorCore\core\release-notes\6.0\releases.json': The JSON value could not be converted to System.String. Path: $.releases[1].cve-list[0] | LineNumber: 596 | BytePositionInLine: 9.
4/30/2025 11:21:57 AM: Failed to parse JSON in 'C:\ReleaseNoteGeneratorCore\core\release-notes\5.0\releases.json': The JSON value could not be converted to System.String. Path: $.releases[0].cve-list[0] | LineNumber: 16 | BytePositionInLine: 9.
4/30/2025 11:21:57 AM: Failed to parse JSON in 'C:\ReleaseNoteGeneratorCore\core\release-notes\3.1\releases.json': The JSON value could not be converted to System.String. Path: $.releases[0].cve-list[0] | LineNumber: 16 | BytePositionInLine: 9.
4/30/2025 11:21:57 AM: Failed to parse JSON in 'C:\ReleaseNoteGeneratorCore\core\release-notes\3.0\releases.json': The JSON value could not be converted to System.String. Path: $.releases[1].cve-list[0] | LineNumber: 357 | BytePositionInLine: 9.
4/30/2025 11:21:57 AM: Failed to parse JSON in 'C:\ReleaseNoteGeneratorCore\core\release-notes\2.2\releases.json': The JSON value could not be converted to System.String. Path: $.releases[1].cve-list[0] | LineNumber: 485 | BytePositionInLine: 9.
4/30/2025 11:21:57 AM: Failed to parse JSON in 'C:\ReleaseNoteGeneratorCore\core\release-notes\2.1\releases.json': The JSON value could not be converted to System.String. Path: $.releases[0].cve-list[0] | LineNumber: 16 | BytePositionInLine: 9.
4/30/2025 11:21:57 AM: Failed to parse JSON in 'C:\ReleaseNoteGeneratorCore\core\release-notes\2.0\releases.json': The JSON value could not be converted to System.String. Path: $.releases[0].cve-list[0] | LineNumber: 16 | BytePositionInLine: 9.
4/30/2025 11:21:57 AM: Failed to parse JSON in 'C:\ReleaseNoteGeneratorCore\core\release-notes\1.1\releases.json': The JSON value could not be converted to System.String. Path: $.releases[0].cve-list[0] | LineNumber: 16 | BytePositionInLine: 9.
4/30/2025 11:21:57 AM: Failed to parse JSON in 'C:\ReleaseNoteGeneratorCore\core\release-notes\1.0\releases.json': The JSON value could not be converted to System.String. Path: $.releases[0].cve-list[0] | LineNumber: 16 | BytePositionInLine: 9.
4/30/2025 11:22:49 AM: Failed to parse JSON in 'C:\ReleaseNoteGeneratorCore\core\release-notes\9.0\releases.json': The JSON value could not be converted to System.String. Path: $.releases[0].cve-list[0] | LineNumber: 16 | BytePositionInLine: 9.
4/30/2025 11:22:49 AM: Failed to parse JSON in 'C:\ReleaseNoteGeneratorCore\core\release-notes\8.0\releases.json': The JSON value could not be converted to System.String. Path: $.releases[0].cve-list[0] | LineNumber: 16 | BytePositionInLine: 9.
4/30/2025 11:22:49 AM: Failed to parse JSON in 'C:\ReleaseNoteGeneratorCore\core\release-notes\7.0\releases.json': The JSON value could not be converted to System.String. Path: $.releases[0].cve-list[0] | LineNumber: 16 | BytePositionInLine: 9.
4/30/2025 11:22:49 AM: Failed to parse JSON in 'C:\ReleaseNoteGeneratorCore\core\release-notes\6.0\releases.json': The JSON value could not be converted to System.String. Path: $.releases[1].cve-list[0] | LineNumber: 596 | BytePositionInLine: 9.
4/30/2025 11:22:49 AM: Failed to parse JSON in 'C:\ReleaseNoteGeneratorCore\core\release-notes\5.0\releases.json': The JSON value could not be converted to System.String. Path: $.releases[0].cve-list[0] | LineNumber: 16 | BytePositionInLine: 9.
4/30/2025 11:22:49 AM: Failed to parse JSON in 'C:\ReleaseNoteGeneratorCore\core\release-notes\3.1\releases.json': The JSON value could not be converted to System.String. Path: $.releases[0].cve-list[0] | LineNumber: 16 | BytePositionInLine: 9.
4/30/2025 11:22:49 AM: Failed to parse JSON in 'C:\ReleaseNoteGeneratorCore\core\release-notes\3.0\releases.json': The JSON value could not be converted to System.String. Path: $.releases[1].cve-list[0] | LineNumber: 357 | BytePositionInLine: 9.
4/30/2025 11:22:49 AM: Failed to parse JSON in 'C:\ReleaseNoteGeneratorCore\core\release-notes\2.2\releases.json': The JSON value could not be converted to System.String. Path: $.releases[1].cve-list[0] | LineNumber: 485 | BytePositionInLine: 9.
4/30/2025 11:22:49 AM: Failed to parse JSON in 'C:\ReleaseNoteGeneratorCore\core\release-notes\2.1\releases.json': The JSON value could not be converted to System.String. Path: $.releases[0].cve-list[0] | LineNumber: 16 | BytePositionInLine: 9.
4/30/2025 11:22:49 AM: Failed to parse JSON in 'C:\ReleaseNoteGeneratorCore\core\release-notes\2.0\releases.json': The JSON value could not be converted to System.String. Path: $.releases[0].cve-list[0] | LineNumber: 16 | BytePositionInLine: 9.
4/30/2025 11:22:49 AM: Failed to parse JSON in 'C:\ReleaseNoteGeneratorCore\core\release-notes\1.1\releases.json': The JSON value could not be converted to System.String. Path: $.releases[0].cve-list[0] | LineNumber: 16 | BytePositionInLine: 9.
4/30/2025 11:22:49 AM: Failed to parse JSON in 'C:\ReleaseNoteGeneratorCore\core\release-notes\1.0\releases.json': The JSON value could not be converted to System.String. Path: $.releases[0].cve-list[0] | LineNumber: 16 | BytePositionInLine: 9.
4/30/2025 11:22:49 AM: Failed to parse JSON in 'C:\ReleaseNoteGeneratorCore\core\release-notes\9.0\releases.json': The JSON value could not be converted to System.String. Path: $.releases[0].cve-list[0] | LineNumber: 16 | BytePositionInLine: 9.
4/30/2025 11:22:49 AM: Failed to parse JSON in 'C:\ReleaseNoteGeneratorCore\core\release-notes\8.0\releases.json': The JSON value could not be converted to System.String. Path: $.releases[0].cve-list[0] | LineNumber: 16 | BytePositionInLine: 9.
4/30/2025 11:22:49 AM: Failed to parse JSON in 'C:\ReleaseNoteGeneratorCore\core\release-notes\7.0\releases.json': The JSON value could not be converted to System.String. Path: $.releases[0].cve-list[0] | LineNumber: 16 | BytePositionInLine: 9.
4/30/2025 11:22:49 AM: Failed to parse JSON in 'C:\ReleaseNoteGeneratorCore\core\release-notes\6.0\releases.json': The JSON value could not be converted to System.String. Path: $.releases[1].cve-list[0] | LineNumber: 596 | BytePositionInLine: 9.
4/30/2025 11:22:49 AM: Failed to parse JSON in 'C:\ReleaseNoteGeneratorCore\core\release-notes\5.0\releases.json': The JSON value could not be converted to System.String. Path: $.releases[0].cve-list[0] | LineNumber: 16 | BytePositionInLine: 9.
4/30/2025 11:22:49 AM: Failed to parse JSON in 'C:\ReleaseNoteGeneratorCore\core\release-notes\3.1\releases.json': The JSON value could not be converted to System.String. Path: $.releases[0].cve-list[0] | LineNumber: 16 | BytePositionInLine: 9.
4/30/2025 11:22:49 AM: Failed to parse JSON in 'C:\ReleaseNoteGeneratorCore\core\release-notes\3.0\releases.json': The JSON value could not be converted to System.String. Path: $.releases[1].cve-list[0] | LineNumber: 357 | BytePositionInLine: 9.
4/30/2025 11:22:49 AM: Failed to parse JSON in 'C:\ReleaseNoteGeneratorCore\core\release-notes\2.2\releases.json': The JSON value could not be converted to System.String. Path: $.releases[1].cve-list[0] | LineNumber: 485 | BytePositionInLine: 9.
4/30/2025 11:22:49 AM: Failed to parse JSON in 'C:\ReleaseNoteGeneratorCore\core\release-notes\2.1\releases.json': The JSON value could not be converted to System.String. Path: $.releases[0].cve-list[0] | LineNumber: 16 | BytePositionInLine: 9.
4/30/2025 11:22:49 AM: Failed to parse JSON in 'C:\ReleaseNoteGeneratorCore\core\release-notes\2.0\releases.json': The JSON value could not be converted to System.String. Path: $.releases[0].cve-list[0] | LineNumber: 16 | BytePositionInLine: 9.
4/30/2025 11:22:49 AM: Failed to parse JSON in 'C:\ReleaseNoteGeneratorCore\core\release-notes\1.1\releases.json': The JSON value could not be converted to System.String. Path: $.releases[0].cve-list[0] | LineNumber: 16 | BytePositionInLine: 9.
4/30/2025 11:22:49 AM: Failed to parse JSON in 'C:\ReleaseNoteGeneratorCore\core\release-notes\1.0\releases.json': The JSON value could not be converted to System.String. Path: $.releases[0].cve-list[0] | LineNumber: 16 | BytePositionInLine: 9.
4/30/2025 11:22:49 AM: Failed to parse JSON in 'C:\ReleaseNoteGeneratorCore\core\release-notes\9.0\releases.json': The JSON value could not be converted to System.String. Path: $.releases[0].cve-list[0] | LineNumber: 16 | BytePositionInLine: 9.
4/30/2025 11:22:49 AM: Failed to parse JSON in 'C:\ReleaseNoteGeneratorCore\core\release-notes\8.0\releases.json': The JSON value could not be converted to System.String. Path: $.releases[0].cve-list[0] | LineNumber: 16 | BytePositionInLine: 9.
4/30/2025 11:22:49 AM: Failed to parse JSON in 'C:\ReleaseNoteGeneratorCore\core\release-notes\7.0\releases.json': The JSON value could not be converted to System.String. Path: $.releases[0].cve-list[0] | LineNumber: 16 | BytePositionInLine: 9.
4/30/2025 11:22:49 AM: Failed to parse JSON in 'C:\ReleaseNoteGeneratorCore\core\release-notes\6.0\releases.json': The JSON value could not be converted to System.String. Path: $.releases[1].cve-list[0] | LineNumber: 596 | BytePositionInLine: 9.
4/30/2025 11:22:49 AM: Failed to parse JSON in 'C:\ReleaseNoteGeneratorCore\core\release-notes\5.0\releases.json': The JSON value could not be converted to System.String. Path: $.releases[0].cve-list[0] | LineNumber: 16 | BytePositionInLine: 9.
4/30/2025 11:22:49 AM: Failed to parse JSON in 'C:\ReleaseNoteGeneratorCore\core\release-notes\3.1\releases.json': The JSON value could not be converted to System.String. Path: $.releases[0].cve-list[0] | LineNumber: 16 | BytePositionInLine: 9.
4/30/2025 11:22:49 AM: Failed to parse JSON in 'C:\ReleaseNoteGeneratorCore\core\release-notes\3.0\releases.json': The JSON value could not be converted to System.String. Path: $.releases[1].cve-list[0] | LineNumber: 357 | BytePositionInLine: 9.
4/30/2025 11:22:49 AM: Failed to parse JSON in 'C:\ReleaseNoteGeneratorCore\core\release-notes\2.2\releases.json': The JSON value could not be converted to System.String. Path: $.releases[1].cve-list[0] | LineNumber: 485 | BytePositionInLine: 9.
4/30/2025 11:22:49 AM: Failed to parse JSON in 'C:\ReleaseNoteGeneratorCore\core\release-notes\2.1\releases.json': The JSON value could not be converted to System.String. Path: $.releases[0].cve-list[0] | LineNumber: 16 | BytePositionInLine: 9.
4/30/2025 11:22:49 AM: Failed to parse JSON in 'C:\ReleaseNoteGeneratorCore\core\release-notes\2.0\releases.json': The JSON value could not be converted to System.String. Path: $.releases[0].cve-list[0] | LineNumber: 16 | BytePositionInLine: 9.
4/30/2025 11:22:49 AM: Failed to parse JSON in 'C:\ReleaseNoteGeneratorCore\core\release-notes\1.1\releases.json': The JSON value could not be converted to System.String. Path: $.releases[0].cve-list[0] | LineNumber: 16 | BytePositionInLine: 9.
4/30/2025 11:22:49 AM: Failed to parse JSON in 'C:\ReleaseNoteGeneratorCore\core\release-notes\1.0\releases.json': The JSON value could not be converted to System.String. Path: $.releases[0].cve-list[0] | LineNumber: 16 | BytePositionInLine: 9.
4/30/2025 11:22:49 AM: Failed to parse JSON in 'C:\ReleaseNoteGeneratorCore\core\release-notes\9.0\releases.json': The JSON value could not be converted to System.String. Path: $.releases[0].cve-list[0] | LineNumber: 16 | BytePositionInLine: 9.
4/30/2025 11:22:49 AM: Failed to parse JSON in 'C:\ReleaseNoteGeneratorCore\core\release-notes\8.0\releases.json': The JSON value could not be converted to System.String. Path: $.releases[0].cve-list[0] | LineNumber: 16 | BytePositionInLine: 9.
4/30/2025 11:22:49 AM: Failed to parse JSON in 'C:\ReleaseNoteGeneratorCore\core\release-notes\7.0\releases.json': The JSON value could not be converted to System.String. Path: $.releases[0].cve-list[0] | LineNumber: 16 | BytePositionInLine: 9.
4/30/2025 11:22:49 AM: Failed to parse JSON in 'C:\ReleaseNoteGeneratorCore\core\release-notes\6.0\releases.json': The JSON value could not be converted to System.String. Path: $.releases[1].cve-list[0] | LineNumber: 596 | BytePositionInLine: 9.
4/30/2025 11:22:49 AM: Failed to parse JSON in 'C:\ReleaseNoteGeneratorCore\core\release-notes\5.0\releases.json': The JSON value could not be converted to System.String. Path: $.releases[0].cve-list[0] | LineNumber: 16 | BytePositionInLine: 9.
4/30/2025 11:22:49 AM: Failed to parse JSON in 'C:\ReleaseNoteGeneratorCore\core\release-notes\3.1\releases.json': The JSON value could not be converted to System.String. Path: $.releases[0].cve-list[0] | LineNumber: 16 | BytePositionInLine: 9.
4/30/2025 11:22:49 AM: Failed to parse JSON in 'C:\ReleaseNoteGeneratorCore\core\release-notes\3.0\releases.json': The JSON value could not be converted to System.String. Path: $.releases[1].cve-list[0] | LineNumber: 357 | BytePositionInLine: 9.
4/30/2025 11:22:49 AM: Failed to parse JSON in 'C:\ReleaseNoteGeneratorCore\core\release-notes\2.2\releases.json': The JSON value could not be converted to System.String. Path: $.releases[1].cve-list[0] | LineNumber: 485 | BytePositionInLine: 9.
4/30/2025 11:22:49 AM: Failed to parse JSON in 'C:\ReleaseNoteGeneratorCore\core\release-notes\2.1\releases.json': The JSON value could not be converted to System.String. Path: $.releases[0].cve-list[0] | LineNumber: 16 | BytePositionInLine: 9.
4/30/2025 11:22:49 AM: Failed to parse JSON in 'C:\ReleaseNoteGeneratorCore\core\release-notes\2.0\releases.json': The JSON value could not be converted to System.String. Path: $.releases[0].cve-list[0] | LineNumber: 16 | BytePositionInLine: 9.
4/30/2025 11:22:49 AM: Failed to parse JSON in 'C:\ReleaseNoteGeneratorCore\core\release-notes\1.1\releases.json': The JSON value could not be converted to System.String. Path: $.releases[0].cve-list[0] | LineNumber: 16 | BytePositionInLine: 9.
4/30/2025 11:22:49 AM: Failed to parse JSON in 'C:\ReleaseNoteGeneratorCore\core\release-notes\1.0\releases.json': The JSON value could not be converted to System.String. Path: $.releases[0].cve-list[0] | LineNumber: 16 | BytePositionInLine: 9.
4/30/2025 11:22:49 AM: Failed to parse JSON in 'C:\ReleaseNoteGeneratorCore\core\release-notes\9.0\releases.json': The JSON value could not be converted to System.String. Path: $.releases[0].cve-list[0] | LineNumber: 16 | BytePositionInLine: 9.
4/30/2025 11:22:49 AM: Failed to parse JSON in 'C:\ReleaseNoteGeneratorCore\core\release-notes\8.0\releases.json': The JSON value could not be converted to System.String. Path: $.releases[0].cve-list[0] | LineNumber: 16 | BytePositionInLine: 9.
4/30/2025 11:22:49 AM: Failed to parse JSON in 'C:\ReleaseNoteGeneratorCore\core\release-notes\7.0\releases.json': The JSON value could not be converted to System.String. Path: $.releases[0].cve-list[0] | LineNumber: 16 | BytePositionInLine: 9.
4/30/2025 11:22:49 AM: Failed to parse JSON in 'C:\ReleaseNoteGeneratorCore\core\release-notes\6.0\releases.json': The JSON value could not be converted to System.String. Path: $.releases[1].cve-list[0] | LineNumber: 596 | BytePositionInLine: 9.
4/30/2025 11:22:49 AM: Failed to parse JSON in 'C:\ReleaseNoteGeneratorCore\core\release-notes\5.0\releases.json': The JSON value could not be converted to System.String. Path: $.releases[0].cve-list[0] | LineNumber: 16 | BytePositionInLine: 9.
4/30/2025 11:22:49 AM: Failed to parse JSON in 'C:\ReleaseNoteGeneratorCore\core\release-notes\3.1\releases.json': The JSON value could not be converted to System.String. Path: $.releases[0].cve-list[0] | LineNumber: 16 | BytePositionInLine: 9.
4/30/2025 11:22:49 AM: Failed to parse JSON in 'C:\ReleaseNoteGeneratorCore\core\release-notes\3.0\releases.json': The JSON value could not be converted to System.String. Path: $.releases[1].cve-list[0] | LineNumber: 357 | BytePositionInLine: 9.
4/30/2025 11:22:49 AM: Failed to parse JSON in 'C:\ReleaseNoteGeneratorCore\core\release-notes\2.2\releases.json': The JSON value could not be converted to System.String. Path: $.releases[1].cve-list[0] | LineNumber: 485 | BytePositionInLine: 9.
4/30/2025 11:22:49 AM: Failed to parse JSON in 'C:\ReleaseNoteGeneratorCore\core\release-notes\2.1\releases.json': The JSON value could not be converted to System.String. Path: $.releases[0].cve-list[0] | LineNumber: 16 | BytePositionInLine: 9.
4/30/2025 11:22:49 AM: Failed to parse JSON in 'C:\ReleaseNoteGeneratorCore\core\release-notes\2.0\releases.json': The JSON value could not be converted to System.String. Path: $.releases[0].cve-list[0] | LineNumber: 16 | BytePositionInLine: 9.
4/30/2025 11:22:49 AM: Failed to parse JSON in 'C:\ReleaseNoteGeneratorCore\core\release-notes\1.1\releases.json': The JSON value could not be converted to System.String. Path: $.releases[0].cve-list[0] | LineNumber: 16 | BytePositionInLine: 9.
4/30/2025 11:22:49 AM: Failed to parse JSON in 'C:\ReleaseNoteGeneratorCore\core\release-notes\1.0\releases.json': The JSON value could not be converted to System.String. Path: $.releases[0].cve-list[0] | LineNumber: 16 | BytePositionInLine: 9.
4/30/2025 11:22:49 AM: Failed to parse JSON in 'C:\ReleaseNoteGeneratorCore\core\release-notes\9.0\releases.json': The JSON value could not be converted to System.String. Path: $.releases[0].cve-list[0] | LineNumber: 16 | BytePositionInLine: 9.
4/30/2025 11:22:49 AM: Failed to parse JSON in 'C:\ReleaseNoteGeneratorCore\core\release-notes\8.0\releases.json': The JSON value could not be converted to System.String. Path: $.releases[0].cve-list[0] | LineNumber: 16 | BytePositionInLine: 9.
4/30/2025 11:22:49 AM: Failed to parse JSON in 'C:\ReleaseNoteGeneratorCore\core\release-notes\7.0\releases.json': The JSON value could not be converted to System.String. Path: $.releases[0].cve-list[0] | LineNumber: 16 | BytePositionInLine: 9.
4/30/2025 11:22:49 AM: Failed to parse JSON in 'C:\ReleaseNoteGeneratorCore\core\release-notes\6.0\releases.json': The JSON value could not be converted to System.String. Path: $.releases[1].cve-list[0] | LineNumber: 596 | BytePositionInLine: 9.
4/30/2025 11:22:49 AM: Failed to parse JSON in 'C:\ReleaseNoteGeneratorCore\core\release-notes\5.0\releases.json': The JSON value could not be converted to System.String. Path: $.releases[0].cve-list[0] | LineNumber: 16 | BytePositionInLine: 9.
4/30/2025 11:22:49 AM: Failed to parse JSON in 'C:\ReleaseNoteGeneratorCore\core\release-notes\3.1\releases.json': The JSON value could not be converted to System.String. Path: $.releases[0].cve-list[0] | LineNumber: 16 | BytePositionInLine: 9.
4/30/2025 11:22:49 AM: Failed to parse JSON in 'C:\ReleaseNoteGeneratorCore\core\release-notes\3.0\releases.json': The JSON value could not be converted to System.String. Path: $.releases[1].cve-list[0] | LineNumber: 357 | BytePositionInLine: 9.
4/30/2025 11:22:49 AM: Failed to parse JSON in 'C:\ReleaseNoteGeneratorCore\core\release-notes\2.2\releases.json': The JSON value could not be converted to System.String. Path: $.releases[1].cve-list[0] | LineNumber: 485 | BytePositionInLine: 9.
4/30/2025 11:22:49 AM: Failed to parse JSON in 'C:\ReleaseNoteGeneratorCore\core\release-notes\2.1\releases.json': The JSON value could not be converted to System.String. Path: $.releases[0].cve-list[0] | LineNumber: 16 | BytePositionInLine: 9.
4/30/2025 11:22:49 AM: Failed to parse JSON in 'C:\ReleaseNoteGeneratorCore\core\release-notes\2.0\releases.json': The JSON value could not be converted to System.String. Path: $.releases[0].cve-list[0] | LineNumber: 16 | BytePositionInLine: 9.
4/30/2025 11:22:49 AM: Failed to parse JSON in 'C:\ReleaseNoteGeneratorCore\core\release-notes\1.1\releases.json': The JSON value could not be converted to System.String. Path: $.releases[0].cve-list[0] | LineNumber: 16 | BytePositionInLine: 9.
4/30/2025 11:22:49 AM: Failed to parse JSON in 'C:\ReleaseNoteGeneratorCore\core\release-notes\1.0\releases.json': The JSON value could not be converted to System.String. Path: $.releases[0].cve-list[0] | LineNumber: 16 | BytePositionInLine: 9.
4/30/2025 11:22:49 AM: Failed to parse JSON in 'C:\ReleaseNoteGeneratorCore\core\release-notes\9.0\releases.json': The JSON value could not be converted to System.String. Path: $.releases[0].cve-list[0] | LineNumber: 16 | BytePositionInLine: 9.
4/30/2025 11:22:49 AM: Failed to parse JSON in 'C:\ReleaseNoteGeneratorCore\core\release-notes\8.0\releases.json': The JSON value could not be converted to System.String. Path: $.releases[0].cve-list[0] | LineNumber: 16 | BytePositionInLine: 9.
4/30/2025 11:22:49 AM: Failed to parse JSON in 'C:\ReleaseNoteGeneratorCore\core\release-notes\7.0\releases.json': The JSON value could not be converted to System.String. Path: $.releases[0].cve-list[0] | LineNumber: 16 | BytePositionInLine: 9.
4/30/2025 11:22:49 AM: Failed to parse JSON in 'C:\ReleaseNoteGeneratorCore\core\release-notes\6.0\releases.json': The JSON value could not be converted to System.String. Path: $.releases[1].cve-list[0] | LineNumber: 596 | BytePositionInLine: 9.
4/30/2025 11:22:49 AM: Failed to parse JSON in 'C:\ReleaseNoteGeneratorCore\core\release-notes\5.0\releases.json': The JSON value could not be converted to System.String. Path: $.releases[0].cve-list[0] | LineNumber: 16 | BytePositionInLine: 9.
4/30/2025 11:22:49 AM: Failed to parse JSON in 'C:\ReleaseNoteGeneratorCore\core\release-notes\3.1\releases.json': The JSON value could not be converted to System.String. Path: $.releases[0].cve-list[0] | LineNumber: 16 | BytePositionInLine: 9.
4/30/2025 11:22:49 AM: Failed to parse JSON in 'C:\ReleaseNoteGeneratorCore\core\release-notes\3.0\releases.json': The JSON value could not be converted to System.String. Path: $.releases[1].cve-list[0] | LineNumber: 357 | BytePositionInLine: 9.
4/30/2025 11:22:49 AM: Failed to parse JSON in 'C:\ReleaseNoteGeneratorCore\core\release-notes\2.2\releases.json': The JSON value could not be converted to System.String. Path: $.releases[1].cve-list[0] | LineNumber: 485 | BytePositionInLine: 9.
4/30/2025 11:22:49 AM: Failed to parse JSON in 'C:\ReleaseNoteGeneratorCore\core\release-notes\2.1\releases.json': The JSON value could not be converted to System.String. Path: $.releases[0].cve-list[0] | LineNumber: 16 | BytePositionInLine: 9.
4/30/2025 11:22:49 AM: Failed to parse JSON in 'C:\ReleaseNoteGeneratorCore\core\release-notes\2.0\releases.json': The JSON value could not be converted to System.String. Path: $.releases[0].cve-list[0] | LineNumber: 16 | BytePositionInLine: 9.
4/30/2025 11:22:49 AM: Failed to parse JSON in 'C:\ReleaseNoteGeneratorCore\core\release-notes\1.1\releases.json': The JSON value could not be converted to System.String. Path: $.releases[0].cve-list[0] | LineNumber: 16 | BytePositionInLine: 9.
4/30/2025 11:22:49 AM: Failed to parse JSON in 'C:\ReleaseNoteGeneratorCore\core\release-notes\1.0\releases.json': The JSON value could not be converted to System.String. Path: $.releases[0].cve-list[0] | LineNumber: 16 | BytePositionInLine: 9.
4/30/2025 11:22:49 AM: Failed to parse JSON in 'C:\ReleaseNoteGeneratorCore\core\release-notes\9.0\releases.json': The JSON value could not be converted to System.String. Path: $.releases[0].cve-list[0] | LineNumber: 16 | BytePositionInLine: 9.
4/30/2025 11:22:49 AM: Failed to parse JSON in 'C:\ReleaseNoteGeneratorCore\core\release-notes\8.0\releases.json': The JSON value could not be converted to System.String. Path: $.releases[0].cve-list[0] | LineNumber: 16 | BytePositionInLine: 9.
4/30/2025 11:22:49 AM: Failed to parse JSON in 'C:\ReleaseNoteGeneratorCore\core\release-notes\7.0\releases.json': The JSON value could not be converted to System.String. Path: $.releases[0].cve-list[0] | LineNumber: 16 | BytePositionInLine: 9.
4/30/2025 11:22:49 AM: Failed to parse JSON in 'C:\ReleaseNoteGeneratorCore\core\release-notes\6.0\releases.json': The JSON value could not be converted to System.String. Path: $.releases[1].cve-list[0] | LineNumber: 596 | BytePositionInLine: 9.
4/30/2025 11:22:49 AM: Failed to parse JSON in 'C:\ReleaseNoteGeneratorCore\core\release-notes\5.0\releases.json': The JSON value could not be converted to System.String. Path: $.releases[0].cve-list[0] | LineNumber: 16 | BytePositionInLine: 9.
4/30/2025 11:22:49 AM: Failed to parse JSON in 'C:\ReleaseNoteGeneratorCore\core\release-notes\3.1\releases.json': The JSON value could not be converted to System.String. Path: $.releases[0].cve-list[0] | LineNumber: 16 | BytePositionInLine: 9.
4/30/2025 11:22:49 AM: Failed to parse JSON in 'C:\ReleaseNoteGeneratorCore\core\release-notes\3.0\releases.json': The JSON value could not be converted to System.String. Path: $.releases[1].cve-list[0] | LineNumber: 357 | BytePositionInLine: 9.
4/30/2025 11:22:49 AM: Failed to parse JSON in 'C:\ReleaseNoteGeneratorCore\core\release-notes\2.2\releases.json': The JSON value could not be converted to System.String. Path: $.releases[1].cve-list[0] | LineNumber: 485 | BytePositionInLine: 9.
4/30/2025 11:22:49 AM: Failed to parse JSON in 'C:\ReleaseNoteGeneratorCore\core\release-notes\2.1\releases.json': The JSON value could not be converted to System.String. Path: $.releases[0].cve-list[0] | LineNumber: 16 | BytePositionInLine: 9.
4/30/2025 11:22:49 AM: Failed to parse JSON in 'C:\ReleaseNoteGeneratorCore\core\release-notes\2.0\releases.json': The JSON value could not be converted to System.String. Path: $.releases[0].cve-list[0] | LineNumber: 16 | BytePositionInLine: 9.
4/30/2025 11:22:49 AM: Failed to parse JSON in 'C:\ReleaseNoteGeneratorCore\core\release-notes\1.1\releases.json': The JSON value could not be converted to System.String. Path: $.releases[0].cve-list[0] | LineNumber: 16 | BytePositionInLine: 9.
4/30/2025 11:22:49 AM: Failed to parse JSON in 'C:\ReleaseNoteGeneratorCore\core\release-notes\1.0\releases.json': The JSON value could not be converted to System.String. Path: $.releases[0].cve-list[0] | LineNumber: 16 | BytePositionInLine: 9.
4/30/2025 4:08:11 PM: Starting Core Directory JSON file updates...
4/30/2025 4:08:11 PM: Creating releases-index.json at: C:\Users\victorisr\OneDrive - Microsoft\Desktop\releases-index.json
4/30/2025 4:08:12 PM: Successfully loaded existing releases-index.json from core directory as reference
4/30/2025 4:08:12 PM: Updated release index entry for channel version: 8.0
4/30/2025 4:08:12 PM: Updated releases index data for runtime ID: 8.0.15, channel: 8.0
4/30/2025 4:08:12 PM: Updated release index entry for channel version: 9.0
4/30/2025 4:08:12 PM: Updated releases index data for runtime ID: 9.0.4, channel: 9.0
4/30/2025 4:08:12 PM: Successfully created releases-index.json in output directory
4/30/2025 4:08:12 PM: Successfully loaded existing releases.json from core directory for channel 9.0 as reference
4/30/2025 4:08:12 PM: Updated existing release 9.0.4 in channel releases
4/30/2025 4:08:12 PM: Created JSON file: C:\Users\victorisr\OneDrive - Microsoft\Desktop\9.0-releases.json
4/30/2025 4:08:12 PM: Successfully created 9.0-releases.json in output directory
4/30/2025 4:08:12 PM: Created JSON file: C:\Users\victorisr\OneDrive - Microsoft\Desktop\9.0.4release.json
4/30/2025 4:08:12 PM: Successfully created 9.0.4release.json in output directory
4/30/2025 4:08:12 PM: Successfully loaded existing releases.json from core directory for channel 8.0 as reference
4/30/2025 4:08:12 PM: Updated existing release 8.0.15 in channel releases
4/30/2025 4:08:12 PM: Created JSON file: C:\Users\victorisr\OneDrive - Microsoft\Desktop\8.0-releases.json
4/30/2025 4:08:12 PM: Successfully created 8.0-releases.json in output directory
4/30/2025 4:08:12 PM: Created JSON file: C:\Users\victorisr\OneDrive - Microsoft\Desktop\8.0.15release.json
4/30/2025 4:08:12 PM: Successfully created 8.0.15release.json in output directory
4/30/2025 4:08:12 PM: Core Directory JSON file updates completed successfully.
4/30/2025 4:12:57 PM: Starting Core Directory JSON file updates...
4/30/2025 4:12:57 PM: Creating releases-index.json at: C:\Users\victorisr\OneDrive - Microsoft\Desktop\releases-index.json
4/30/2025 4:12:57 PM: Successfully loaded existing releases-index.json from core directory as reference
4/30/2025 4:12:57 PM: Updated release index entry for channel version: 8.0
4/30/2025 4:12:57 PM: Updated releases index data for runtime ID: 8.0.15, channel: 8.0
4/30/2025 4:12:57 PM: Updated release index entry for channel version: 9.0
4/30/2025 4:12:57 PM: Updated releases index data for runtime ID: 9.0.4, channel: 9.0
4/30/2025 4:12:57 PM: Successfully created releases-index.json in output directory
4/30/2025 4:12:57 PM: Successfully loaded existing releases.json from core directory for channel 9.0 as reference
4/30/2025 4:12:57 PM: Updated existing release 9.0.4 in channel releases
4/30/2025 4:12:57 PM: Created JSON file: C:\Users\victorisr\OneDrive - Microsoft\Desktop\9.0-releases.json
4/30/2025 4:12:57 PM: Successfully created 9.0-releases.json in output directory
4/30/2025 4:12:57 PM: Created JSON file: C:\Users\victorisr\OneDrive - Microsoft\Desktop\9.0.4release.json
4/30/2025 4:12:57 PM: Successfully created 9.0.4release.json in output directory
4/30/2025 4:12:57 PM: Successfully loaded existing releases.json from core directory for channel 8.0 as reference
4/30/2025 4:12:57 PM: Added new release 8.0.15 to channel releases
4/30/2025 4:12:57 PM: Created JSON file: C:\Users\victorisr\OneDrive - Microsoft\Desktop\8.0-releases.json
4/30/2025 4:12:57 PM: Successfully created 8.0-releases.json in output directory
4/30/2025 4:12:57 PM: Created JSON file: C:\Users\victorisr\OneDrive - Microsoft\Desktop\8.0.15release.json
4/30/2025 4:12:57 PM: Successfully created 8.0.15release.json in output directory
4/30/2025 4:12:57 PM: Core Directory JSON file updates completed successfully.
4/30/2025 4:16:44 PM: Starting Core Directory JSON file updates...
4/30/2025 4:16:44 PM: Creating releases-index.json at: C:\Users\victorisr\OneDrive - Microsoft\Desktop\releases-index.json
4/30/2025 4:16:44 PM: Successfully loaded existing releases-index.json from core directory as reference
4/30/2025 4:16:44 PM: Updated release index entry for channel version: 8.0
4/30/2025 4:16:44 PM: Updated releases index data for runtime ID: 8.0.15, channel: 8.0
4/30/2025 4:16:44 PM: Updated release index entry for channel version: 9.0
4/30/2025 4:16:44 PM: Updated releases index data for runtime ID: 9.0.4, channel: 9.0
4/30/2025 4:16:44 PM: Successfully created releases-index.json in output directory
4/30/2025 4:16:44 PM: Successfully loaded existing releases.json from core directory for channel 9.0 as reference
4/30/2025 4:16:44 PM: Updated existing release 9.0.4 in channel releases
4/30/2025 4:16:44 PM: Created JSON file: C:\Users\victorisr\OneDrive - Microsoft\Desktop\9.0-releases.json
4/30/2025 4:16:44 PM: Successfully created 9.0-releases.json in output directory
4/30/2025 4:16:44 PM: Created JSON file: C:\Users\victorisr\OneDrive - Microsoft\Desktop\9.0.4release.json
4/30/2025 4:16:44 PM: Successfully created 9.0.4release.json in output directory
4/30/2025 4:16:44 PM: Successfully loaded existing releases.json from core directory for channel 8.0 as reference
4/30/2025 4:16:44 PM: Added new release 8.0.15 to channel releases
4/30/2025 4:16:44 PM: Created JSON file: C:\Users\victorisr\OneDrive - Microsoft\Desktop\8.0-releases.json
4/30/2025 4:16:44 PM: Successfully created 8.0-releases.json in output directory
4/30/2025 4:16:44 PM: Created JSON file: C:\Users\victorisr\OneDrive - Microsoft\Desktop\8.0.15release.json
4/30/2025 4:16:44 PM: Successfully created 8.0.15release.json in output directory
4/30/2025 4:16:44 PM: Core Directory JSON file updates completed successfully.
